<?xml version="1.0" encoding="UTF-8"?>
<!-- Generated by org.testng.reporters.JUnitReportReporter -->
<testsuite hostname="ps8706" name="Test01" tests="1" failures="0" timestamp="8 May 2014 08:08:16 GMT" time="56.213" errors="0">
  <testcase name="testLink" time="56.213" classname="Test01"/>
</testsuite> <!-- Test01 -->
