<?xml version="1.0" encoding="UTF-8"?>
<!-- Generated by org.testng.reporters.JUnitReportReporter -->
<testsuite hostname="ps8706" name="Test02" tests="1" failures="0" timestamp="8 May 2014 08:08:16 GMT" time="72.736" errors="0">
  <testcase name="testLink" time="72.736" classname="Test02"/>
</testsuite> <!-- Test02 -->
